<?xml version="1.0" encoding="UTF-8"?>
<testsuite xmlns:xsi="http://www.w3.org/2001/XMLSchema-instance" xsi:noNamespaceSchemaLocation="https://maven.apache.org/surefire/maven-surefire-plugin/xsd/surefire-test-report.xsd" name="com.imooc.AppTest" time="0.021" tests="1" errors="0" skipped="0" failures="0">
  <properties>
    <property name="sun.desktop" value="windows"/>
    <property name="awt.toolkit" value="sun.awt.windows.WToolkit"/>
    <property name="java.specification.version" value="11"/>
    <property name="sun.cpu.isalist" value="amd64"/>
    <property name="sun.jnu.encoding" value="GBK"/>
    <property name="java.class.path" value="D:\IdeaProject\java\miaoshaProject\target\test-classes;D:\IdeaProject\java\miaoshaProject\target\classes;D:\apache-maven-3.8.4-bin\maven-repository\org\springframework\boot\spring-boot-starter-aop\2.3.2.RELEASE\spring-boot-starter-aop-2.3.2.RELEASE.jar;D:\apache-maven-3.8.4-bin\maven-repository\org\springframework\boot\spring-boot-starter\2.3.2.RELEASE\spring-boot-starter-2.3.2.RELEASE.jar;D:\apache-maven-3.8.4-bin\maven-repository\org\springframework\boot\spring-boot\2.3.2.RELEASE\spring-boot-2.3.2.RELEASE.jar;D:\apache-maven-3.8.4-bin\maven-repository\org\springframework\boot\spring-boot-starter-logging\2.3.2.RELEASE\spring-boot-starter-logging-2.3.2.RELEASE.jar;D:\apache-maven-3.8.4-bin\maven-repository\ch\qos\logback\logback-classic\1.2.3\logback-classic-1.2.3.jar;D:\apache-maven-3.8.4-bin\maven-repository\ch\qos\logback\logback-core\1.2.3\logback-core-1.2.3.jar;D:\apache-maven-3.8.4-bin\maven-repository\org\apache\logging\log4j\log4j-to-slf4j\2.13.3\log4j-to-slf4j-2.13.3.jar;D:\apache-maven-3.8.4-bin\maven-repository\org\apache\logging\log4j\log4j-api\2.13.3\log4j-api-2.13.3.jar;D:\apache-maven-3.8.4-bin\maven-repository\org\slf4j\jul-to-slf4j\1.7.30\jul-to-slf4j-1.7.30.jar;D:\apache-maven-3.8.4-bin\maven-repository\jakarta\annotation\jakarta.annotation-api\1.3.5\jakarta.annotation-api-1.3.5.jar;D:\apache-maven-3.8.4-bin\maven-repository\org\springframework\spring-core\5.2.8.RELEASE\spring-core-5.2.8.RELEASE.jar;D:\apache-maven-3.8.4-bin\maven-repository\org\springframework\spring-jcl\5.2.8.RELEASE\spring-jcl-5.2.8.RELEASE.jar;D:\apache-maven-3.8.4-bin\maven-repository\org\yaml\snakeyaml\1.26\snakeyaml-1.26.jar;D:\apache-maven-3.8.4-bin\maven-repository\org\springframework\spring-aop\5.2.8.RELEASE\spring-aop-5.2.8.RELEASE.jar;D:\apache-maven-3.8.4-bin\maven-repository\org\springframework\spring-beans\5.2.8.RELEASE\spring-beans-5.2.8.RELEASE.jar;D:\apache-maven-3.8.4-bin\maven-repository\org\aspectj\aspectjweaver\1.9.6\aspectjweaver-1.9.6.jar;D:\apache-maven-3.8.4-bin\maven-repository\junit\junit\4.11\junit-4.11.jar;D:\apache-maven-3.8.4-bin\maven-repository\org\hamcrest\hamcrest-core\2.2\hamcrest-core-2.2.jar;D:\apache-maven-3.8.4-bin\maven-repository\org\hamcrest\hamcrest\2.2\hamcrest-2.2.jar;D:\apache-maven-3.8.4-bin\maven-repository\org\springframework\boot\spring-boot-starter-validation\2.3.2.RELEASE\spring-boot-starter-validation-2.3.2.RELEASE.jar;D:\apache-maven-3.8.4-bin\maven-repository\org\glassfish\jakarta.el\3.0.3\jakarta.el-3.0.3.jar;D:\apache-maven-3.8.4-bin\maven-repository\org\hibernate\validator\hibernate-validator\6.1.5.Final\hibernate-validator-6.1.5.Final.jar;D:\apache-maven-3.8.4-bin\maven-repository\jakarta\validation\jakarta.validation-api\2.0.2\jakarta.validation-api-2.0.2.jar;D:\apache-maven-3.8.4-bin\maven-repository\org\jboss\logging\jboss-logging\3.4.1.Final\jboss-logging-3.4.1.Final.jar;D:\apache-maven-3.8.4-bin\maven-repository\com\fasterxml\classmate\1.5.1\classmate-1.5.1.jar;D:\apache-maven-3.8.4-bin\maven-repository\org\springframework\boot\spring-boot-configuration-processor\2.3.2.RELEASE\spring-boot-configuration-processor-2.3.2.RELEASE.jar;D:\apache-maven-3.8.4-bin\maven-repository\com\alibaba\fastjson\1.2.56\fastjson-1.2.56.jar;D:\apache-maven-3.8.4-bin\maven-repository\redis\clients\jedis\3.3.0\jedis-3.3.0.jar;D:\apache-maven-3.8.4-bin\maven-repository\org\apache\commons\commons-pool2\2.8.0\commons-pool2-2.8.0.jar;D:\apache-maven-3.8.4-bin\maven-repository\org\projectlombok\lombok\1.18.12\lombok-1.18.12.jar;D:\apache-maven-3.8.4-bin\maven-repository\log4j\log4j\1.2.17\log4j-1.2.17.jar;D:\apache-maven-3.8.4-bin\maven-repository\org\slf4j\slf4j-api\1.7.25\slf4j-api-1.7.25.jar;D:\apache-maven-3.8.4-bin\maven-repository\org\slf4j\slf4j-log4j12\1.7.25\slf4j-log4j12-1.7.25.jar;D:\apache-maven-3.8.4-bin\maven-repository\com\alibaba\druid-spring-boot-starter\1.2.9\druid-spring-boot-starter-1.2.9.jar;D:\apache-maven-3.8.4-bin\maven-repository\com\alibaba\druid\1.2.9\druid-1.2.9.jar;D:\apache-maven-3.8.4-bin\maven-repository\javax\annotation\javax.annotation-api\1.3.2\javax.annotation-api-1.3.2.jar;D:\apache-maven-3.8.4-bin\maven-repository\org\springframework\boot\spring-boot-autoconfigure\2.3.2.RELEASE\spring-boot-autoconfigure-2.3.2.RELEASE.jar;D:\apache-maven-3.8.4-bin\maven-repository\mysql\mysql-connector-java\8.0.21\mysql-connector-java-8.0.21.jar;D:\apache-maven-3.8.4-bin\maven-repository\org\mybatis\spring\boot\mybatis-spring-boot-starter\2.1.4\mybatis-spring-boot-starter-2.1.4.jar;D:\apache-maven-3.8.4-bin\maven-repository\org\springframework\boot\spring-boot-starter-jdbc\2.3.2.RELEASE\spring-boot-starter-jdbc-2.3.2.RELEASE.jar;D:\apache-maven-3.8.4-bin\maven-repository\com\zaxxer\HikariCP\3.4.5\HikariCP-3.4.5.jar;D:\apache-maven-3.8.4-bin\maven-repository\org\springframework\spring-jdbc\5.2.8.RELEASE\spring-jdbc-5.2.8.RELEASE.jar;D:\apache-maven-3.8.4-bin\maven-repository\org\springframework\spring-tx\5.2.8.RELEASE\spring-tx-5.2.8.RELEASE.jar;D:\apache-maven-3.8.4-bin\maven-repository\org\mybatis\spring\boot\mybatis-spring-boot-autoconfigure\2.1.4\mybatis-spring-boot-autoconfigure-2.1.4.jar;D:\apache-maven-3.8.4-bin\maven-repository\org\mybatis\mybatis\3.5.6\mybatis-3.5.6.jar;D:\apache-maven-3.8.4-bin\maven-repository\org\mybatis\mybatis-spring\2.0.6\mybatis-spring-2.0.6.jar;D:\apache-maven-3.8.4-bin\maven-repository\org\springframework\boot\spring-boot-starter-web\2.3.2.RELEASE\spring-boot-starter-web-2.3.2.RELEASE.jar;D:\apache-maven-3.8.4-bin\maven-repository\org\springframework\boot\spring-boot-starter-json\2.3.2.RELEASE\spring-boot-starter-json-2.3.2.RELEASE.jar;D:\apache-maven-3.8.4-bin\maven-repository\com\fasterxml\jackson\core\jackson-databind\2.11.1\jackson-databind-2.11.1.jar;D:\apache-maven-3.8.4-bin\maven-repository\com\fasterxml\jackson\core\jackson-annotations\2.11.1\jackson-annotations-2.11.1.jar;D:\apache-maven-3.8.4-bin\maven-repository\com\fasterxml\jackson\core\jackson-core\2.11.1\jackson-core-2.11.1.jar;D:\apache-maven-3.8.4-bin\maven-repository\com\fasterxml\jackson\datatype\jackson-datatype-jdk8\2.11.1\jackson-datatype-jdk8-2.11.1.jar;D:\apache-maven-3.8.4-bin\maven-repository\com\fasterxml\jackson\datatype\jackson-datatype-jsr310\2.11.1\jackson-datatype-jsr310-2.11.1.jar;D:\apache-maven-3.8.4-bin\maven-repository\com\fasterxml\jackson\module\jackson-module-parameter-names\2.11.1\jackson-module-parameter-names-2.11.1.jar;D:\apache-maven-3.8.4-bin\maven-repository\org\springframework\boot\spring-boot-starter-tomcat\2.3.2.RELEASE\spring-boot-starter-tomcat-2.3.2.RELEASE.jar;D:\apache-maven-3.8.4-bin\maven-repository\org\apache\tomcat\embed\tomcat-embed-core\9.0.37\tomcat-embed-core-9.0.37.jar;D:\apache-maven-3.8.4-bin\maven-repository\org\apache\tomcat\embed\tomcat-embed-websocket\9.0.37\tomcat-embed-websocket-9.0.37.jar;D:\apache-maven-3.8.4-bin\maven-repository\org\springframework\spring-web\5.2.8.RELEASE\spring-web-5.2.8.RELEASE.jar;D:\apache-maven-3.8.4-bin\maven-repository\org\springframework\spring-webmvc\5.2.8.RELEASE\spring-webmvc-5.2.8.RELEASE.jar;D:\apache-maven-3.8.4-bin\maven-repository\org\springframework\spring-context\5.2.8.RELEASE\spring-context-5.2.8.RELEASE.jar;D:\apache-maven-3.8.4-bin\maven-repository\org\springframework\spring-expression\5.2.8.RELEASE\spring-expression-5.2.8.RELEASE.jar;D:\apache-maven-3.8.4-bin\maven-repository\org\springframework\boot\spring-boot-starter-thymeleaf\2.3.2.RELEASE\spring-boot-starter-thymeleaf-2.3.2.RELEASE.jar;D:\apache-maven-3.8.4-bin\maven-repository\org\thymeleaf\thymeleaf-spring5\3.0.11.RELEASE\thymeleaf-spring5-3.0.11.RELEASE.jar;D:\apache-maven-3.8.4-bin\maven-repository\org\thymeleaf\thymeleaf\3.0.11.RELEASE\thymeleaf-3.0.11.RELEASE.jar;D:\apache-maven-3.8.4-bin\maven-repository\org\attoparser\attoparser\2.0.5.RELEASE\attoparser-2.0.5.RELEASE.jar;D:\apache-maven-3.8.4-bin\maven-repository\org\unbescape\unbescape\1.1.6.RELEASE\unbescape-1.1.6.RELEASE.jar;D:\apache-maven-3.8.4-bin\maven-repository\org\thymeleaf\extras\thymeleaf-extras-java8time\3.0.4.RELEASE\thymeleaf-extras-java8time-3.0.4.RELEASE.jar;"/>
    <property name="java.vm.vendor" value="Oracle Corporation"/>
    <property name="sun.arch.data.model" value="64"/>
    <property name="user.variant" value=""/>
    <property name="java.vendor.url" value="https://openjdk.java.net/"/>
    <property name="user.timezone" value="Asia/Shanghai"/>
    <property name="java.vm.specification.version" value="11"/>
    <property name="os.name" value="Windows 10"/>
    <property name="sun.java.launcher" value="SUN_STANDARD"/>
    <property name="user.country" value="CN"/>
    <property name="sun.boot.library.path" value="C:\Program Files\Java\jdk-11.0.13\bin"/>
    <property name="sun.java.command" value="C:\Users\Eskii\AppData\Local\Temp\surefire2573017721492688023\surefirebooter1051475990733155493.jar C:\Users\Eskii\AppData\Local\Temp\surefire2573017721492688023 2022-05-09T09-13-01_393-jvmRun1 surefire3363308982705550208tmp surefire_016189469948630472420tmp"/>
    <property name="jdk.debug" value="release"/>
    <property name="surefire.test.class.path" value="D:\IdeaProject\java\miaoshaProject\target\test-classes;D:\IdeaProject\java\miaoshaProject\target\classes;D:\apache-maven-3.8.4-bin\maven-repository\org\springframework\boot\spring-boot-starter-aop\2.3.2.RELEASE\spring-boot-starter-aop-2.3.2.RELEASE.jar;D:\apache-maven-3.8.4-bin\maven-repository\org\springframework\boot\spring-boot-starter\2.3.2.RELEASE\spring-boot-starter-2.3.2.RELEASE.jar;D:\apache-maven-3.8.4-bin\maven-repository\org\springframework\boot\spring-boot\2.3.2.RELEASE\spring-boot-2.3.2.RELEASE.jar;D:\apache-maven-3.8.4-bin\maven-repository\org\springframework\boot\spring-boot-starter-logging\2.3.2.RELEASE\spring-boot-starter-logging-2.3.2.RELEASE.jar;D:\apache-maven-3.8.4-bin\maven-repository\ch\qos\logback\logback-classic\1.2.3\logback-classic-1.2.3.jar;D:\apache-maven-3.8.4-bin\maven-repository\ch\qos\logback\logback-core\1.2.3\logback-core-1.2.3.jar;D:\apache-maven-3.8.4-bin\maven-repository\org\apache\logging\log4j\log4j-to-slf4j\2.13.3\log4j-to-slf4j-2.13.3.jar;D:\apache-maven-3.8.4-bin\maven-repository\org\apache\logging\log4j\log4j-api\2.13.3\log4j-api-2.13.3.jar;D:\apache-maven-3.8.4-bin\maven-repository\org\slf4j\jul-to-slf4j\1.7.30\jul-to-slf4j-1.7.30.jar;D:\apache-maven-3.8.4-bin\maven-repository\jakarta\annotation\jakarta.annotation-api\1.3.5\jakarta.annotation-api-1.3.5.jar;D:\apache-maven-3.8.4-bin\maven-repository\org\springframework\spring-core\5.2.8.RELEASE\spring-core-5.2.8.RELEASE.jar;D:\apache-maven-3.8.4-bin\maven-repository\org\springframework\spring-jcl\5.2.8.RELEASE\spring-jcl-5.2.8.RELEASE.jar;D:\apache-maven-3.8.4-bin\maven-repository\org\yaml\snakeyaml\1.26\snakeyaml-1.26.jar;D:\apache-maven-3.8.4-bin\maven-repository\org\springframework\spring-aop\5.2.8.RELEASE\spring-aop-5.2.8.RELEASE.jar;D:\apache-maven-3.8.4-bin\maven-repository\org\springframework\spring-beans\5.2.8.RELEASE\spring-beans-5.2.8.RELEASE.jar;D:\apache-maven-3.8.4-bin\maven-repository\org\aspectj\aspectjweaver\1.9.6\aspectjweaver-1.9.6.jar;D:\apache-maven-3.8.4-bin\maven-repository\junit\junit\4.11\junit-4.11.jar;D:\apache-maven-3.8.4-bin\maven-repository\org\hamcrest\hamcrest-core\2.2\hamcrest-core-2.2.jar;D:\apache-maven-3.8.4-bin\maven-repository\org\hamcrest\hamcrest\2.2\hamcrest-2.2.jar;D:\apache-maven-3.8.4-bin\maven-repository\org\springframework\boot\spring-boot-starter-validation\2.3.2.RELEASE\spring-boot-starter-validation-2.3.2.RELEASE.jar;D:\apache-maven-3.8.4-bin\maven-repository\org\glassfish\jakarta.el\3.0.3\jakarta.el-3.0.3.jar;D:\apache-maven-3.8.4-bin\maven-repository\org\hibernate\validator\hibernate-validator\6.1.5.Final\hibernate-validator-6.1.5.Final.jar;D:\apache-maven-3.8.4-bin\maven-repository\jakarta\validation\jakarta.validation-api\2.0.2\jakarta.validation-api-2.0.2.jar;D:\apache-maven-3.8.4-bin\maven-repository\org\jboss\logging\jboss-logging\3.4.1.Final\jboss-logging-3.4.1.Final.jar;D:\apache-maven-3.8.4-bin\maven-repository\com\fasterxml\classmate\1.5.1\classmate-1.5.1.jar;D:\apache-maven-3.8.4-bin\maven-repository\org\springframework\boot\spring-boot-configuration-processor\2.3.2.RELEASE\spring-boot-configuration-processor-2.3.2.RELEASE.jar;D:\apache-maven-3.8.4-bin\maven-repository\com\alibaba\fastjson\1.2.56\fastjson-1.2.56.jar;D:\apache-maven-3.8.4-bin\maven-repository\redis\clients\jedis\3.3.0\jedis-3.3.0.jar;D:\apache-maven-3.8.4-bin\maven-repository\org\apache\commons\commons-pool2\2.8.0\commons-pool2-2.8.0.jar;D:\apache-maven-3.8.4-bin\maven-repository\org\projectlombok\lombok\1.18.12\lombok-1.18.12.jar;D:\apache-maven-3.8.4-bin\maven-repository\log4j\log4j\1.2.17\log4j-1.2.17.jar;D:\apache-maven-3.8.4-bin\maven-repository\org\slf4j\slf4j-api\1.7.25\slf4j-api-1.7.25.jar;D:\apache-maven-3.8.4-bin\maven-repository\org\slf4j\slf4j-log4j12\1.7.25\slf4j-log4j12-1.7.25.jar;D:\apache-maven-3.8.4-bin\maven-repository\com\alibaba\druid-spring-boot-starter\1.2.9\druid-spring-boot-starter-1.2.9.jar;D:\apache-maven-3.8.4-bin\maven-repository\com\alibaba\druid\1.2.9\druid-1.2.9.jar;D:\apache-maven-3.8.4-bin\maven-repository\javax\annotation\javax.annotation-api\1.3.2\javax.annotation-api-1.3.2.jar;D:\apache-maven-3.8.4-bin\maven-repository\org\springframework\boot\spring-boot-autoconfigure\2.3.2.RELEASE\spring-boot-autoconfigure-2.3.2.RELEASE.jar;D:\apache-maven-3.8.4-bin\maven-repository\mysql\mysql-connector-java\8.0.21\mysql-connector-java-8.0.21.jar;D:\apache-maven-3.8.4-bin\maven-repository\org\mybatis\spring\boot\mybatis-spring-boot-starter\2.1.4\mybatis-spring-boot-starter-2.1.4.jar;D:\apache-maven-3.8.4-bin\maven-repository\org\springframework\boot\spring-boot-starter-jdbc\2.3.2.RELEASE\spring-boot-starter-jdbc-2.3.2.RELEASE.jar;D:\apache-maven-3.8.4-bin\maven-repository\com\zaxxer\HikariCP\3.4.5\HikariCP-3.4.5.jar;D:\apache-maven-3.8.4-bin\maven-repository\org\springframework\spring-jdbc\5.2.8.RELEASE\spring-jdbc-5.2.8.RELEASE.jar;D:\apache-maven-3.8.4-bin\maven-repository\org\springframework\spring-tx\5.2.8.RELEASE\spring-tx-5.2.8.RELEASE.jar;D:\apache-maven-3.8.4-bin\maven-repository\org\mybatis\spring\boot\mybatis-spring-boot-autoconfigure\2.1.4\mybatis-spring-boot-autoconfigure-2.1.4.jar;D:\apache-maven-3.8.4-bin\maven-repository\org\mybatis\mybatis\3.5.6\mybatis-3.5.6.jar;D:\apache-maven-3.8.4-bin\maven-repository\org\mybatis\mybatis-spring\2.0.6\mybatis-spring-2.0.6.jar;D:\apache-maven-3.8.4-bin\maven-repository\org\springframework\boot\spring-boot-starter-web\2.3.2.RELEASE\spring-boot-starter-web-2.3.2.RELEASE.jar;D:\apache-maven-3.8.4-bin\maven-repository\org\springframework\boot\spring-boot-starter-json\2.3.2.RELEASE\spring-boot-starter-json-2.3.2.RELEASE.jar;D:\apache-maven-3.8.4-bin\maven-repository\com\fasterxml\jackson\core\jackson-databind\2.11.1\jackson-databind-2.11.1.jar;D:\apache-maven-3.8.4-bin\maven-repository\com\fasterxml\jackson\core\jackson-annotations\2.11.1\jackson-annotations-2.11.1.jar;D:\apache-maven-3.8.4-bin\maven-repository\com\fasterxml\jackson\core\jackson-core\2.11.1\jackson-core-2.11.1.jar;D:\apache-maven-3.8.4-bin\maven-repository\com\fasterxml\jackson\datatype\jackson-datatype-jdk8\2.11.1\jackson-datatype-jdk8-2.11.1.jar;D:\apache-maven-3.8.4-bin\maven-repository\com\fasterxml\jackson\datatype\jackson-datatype-jsr310\2.11.1\jackson-datatype-jsr310-2.11.1.jar;D:\apache-maven-3.8.4-bin\maven-repository\com\fasterxml\jackson\module\jackson-module-parameter-names\2.11.1\jackson-module-parameter-names-2.11.1.jar;D:\apache-maven-3.8.4-bin\maven-repository\org\springframework\boot\spring-boot-starter-tomcat\2.3.2.RELEASE\spring-boot-starter-tomcat-2.3.2.RELEASE.jar;D:\apache-maven-3.8.4-bin\maven-repository\org\apache\tomcat\embed\tomcat-embed-core\9.0.37\tomcat-embed-core-9.0.37.jar;D:\apache-maven-3.8.4-bin\maven-repository\org\apache\tomcat\embed\tomcat-embed-websocket\9.0.37\tomcat-embed-websocket-9.0.37.jar;D:\apache-maven-3.8.4-bin\maven-repository\org\springframework\spring-web\5.2.8.RELEASE\spring-web-5.2.8.RELEASE.jar;D:\apache-maven-3.8.4-bin\maven-repository\org\springframework\spring-webmvc\5.2.8.RELEASE\spring-webmvc-5.2.8.RELEASE.jar;D:\apache-maven-3.8.4-bin\maven-repository\org\springframework\spring-context\5.2.8.RELEASE\spring-context-5.2.8.RELEASE.jar;D:\apache-maven-3.8.4-bin\maven-repository\org\springframework\spring-expression\5.2.8.RELEASE\spring-expression-5.2.8.RELEASE.jar;D:\apache-maven-3.8.4-bin\maven-repository\org\springframework\boot\spring-boot-starter-thymeleaf\2.3.2.RELEASE\spring-boot-starter-thymeleaf-2.3.2.RELEASE.jar;D:\apache-maven-3.8.4-bin\maven-repository\org\thymeleaf\thymeleaf-spring5\3.0.11.RELEASE\thymeleaf-spring5-3.0.11.RELEASE.jar;D:\apache-maven-3.8.4-bin\maven-repository\org\thymeleaf\thymeleaf\3.0.11.RELEASE\thymeleaf-3.0.11.RELEASE.jar;D:\apache-maven-3.8.4-bin\maven-repository\org\attoparser\attoparser\2.0.5.RELEASE\attoparser-2.0.5.RELEASE.jar;D:\apache-maven-3.8.4-bin\maven-repository\org\unbescape\unbescape\1.1.6.RELEASE\unbescape-1.1.6.RELEASE.jar;D:\apache-maven-3.8.4-bin\maven-repository\org\thymeleaf\extras\thymeleaf-extras-java8time\3.0.4.RELEASE\thymeleaf-extras-java8time-3.0.4.RELEASE.jar;"/>
    <property name="sun.cpu.endian" value="little"/>
    <property name="user.home" value="C:\Users\Eskii"/>
    <property name="user.language" value="zh"/>
    <property name="java.specification.vendor" value="Oracle Corporation"/>
    <property name="java.version.date" value="2021-10-19"/>
    <property name="java.home" value="C:\Program Files\Java\jdk-11.0.13"/>
    <property name="file.separator" value="\"/>
    <property name="basedir" value="D:\IdeaProject\java\miaoshaProject"/>
    <property name="java.vm.compressedOopsMode" value="Zero based"/>
    <property name="line.separator" value="&#10;"/>
    <property name="java.specification.name" value="Java Platform API Specification"/>
    <property name="java.vm.specification.vendor" value="Oracle Corporation"/>
    <property name="java.awt.graphicsenv" value="sun.awt.Win32GraphicsEnvironment"/>
    <property name="surefire.real.class.path" value="C:\Users\Eskii\AppData\Local\Temp\surefire2573017721492688023\surefirebooter1051475990733155493.jar"/>
    <property name="user.script" value=""/>
    <property name="sun.management.compiler" value="HotSpot 64-Bit Tiered Compilers"/>
    <property name="java.runtime.version" value="11.0.13+10-LTS-370"/>
    <property name="user.name" value="Eskii"/>
    <property name="path.separator" value=";"/>
    <property name="os.version" value="10.0"/>
    <property name="java.runtime.name" value="Java(TM) SE Runtime Environment"/>
    <property name="file.encoding" value="GBK"/>
    <property name="java.vm.name" value="Java HotSpot(TM) 64-Bit Server VM"/>
    <property name="java.vendor.version" value="18.9"/>
    <property name="localRepository" value="D:\apache-maven-3.8.4-bin\maven-repository"/>
    <property name="java.vendor.url.bug" value="https://bugreport.java.com/bugreport/"/>
    <property name="java.io.tmpdir" value="C:\Users\Eskii\AppData\Local\Temp\"/>
    <property name="idea.version" value="2021.2.3"/>
    <property name="java.version" value="11.0.13"/>
    <property name="user.dir" value="D:\IdeaProject\java\miaoshaProject"/>
    <property name="os.arch" value="amd64"/>
    <property name="java.vm.specification.name" value="Java Virtual Machine Specification"/>
    <property name="java.awt.printerjob" value="sun.awt.windows.WPrinterJob"/>
    <property name="sun.os.patch.level" value=""/>
    <property name="java.library.path" value="C:\Program Files\Java\jdk-11.0.13\bin;C:\Windows\Sun\Java\bin;C:\Windows\system32;C:\Windows;D:\vmwarePro\bin\;C:\Program Files\Common Files\Oracle\Java\javapath;C:\Program Files\Java\jdk-11.0.13\bin;C:\Windows\system32;C:\Windows;C:\Windows\System32\Wbem;C:\Windows\System32\WindowsPowerShell\v1.0\;C:\Windows\System32\OpenSSH\;C:\Program Files (x86)\NVIDIA Corporation\PhysX\Common;C:\MinGW\bin;C:\Program Files\nodejs\;D:\XShell7\;D:\Xtp7\;D:\apache-maven-3.8.4-bin\apache-maven-3.8.4\bin;D:\Git\cmd;D:\nacos-server-1.4.3\nacos\bin;C:\Program Files\dotnet\;D:\apache-jmeter-5.4.3\apache-jmeter-5.4.3\bin;C:\Users\Eskii\AppData\Local\Programs\Python\Python37\Scripts\;C:\Users\Eskii\AppData\Local\Programs\Python\Python37\;C:\Users\Eskii\AppData\Local\Microsoft\WindowsApps;D:\Microsoft VS Code\bin;C:\Program Files\JetBrains\PyCharm Community Edition 2020.3.2\bin;;C:\MinGW\bin;D:\texlive\2020\bin\win32;C:\Users\Eskii\AppData\Roaming\npm;D:\IntelliJ IDEA 2021.2.3\bin;;C:\Program Files\Java\jdk-11.0.13\bin;C:\Program Files\Apache Software Foundation\Tomcat 8.5\bin;;."/>
    <property name="java.vendor" value="Oracle Corporation"/>
    <property name="java.vm.info" value="mixed mode"/>
    <property name="java.vm.version" value="11.0.13+10-LTS-370"/>
    <property name="sun.io.unicode.encoding" value="UnicodeLittle"/>
    <property name="java.class.version" value="55.0"/>
  </properties>
  <testcase name="shouldAnswerWithTrue" classname="com.imooc.AppTest" time="0.001"/>
</testsuite>